Sat Dec 29 21:27:15 EST 2018  [debug] AvalonLogSystem initialized using logfile 'velocity.log'
Sat Dec 29 21:27:15 EST 2018   [info] ************************************************************** 
Sat Dec 29 21:27:15 EST 2018   [info] Starting Jakarta Velocity v1.4
Sat Dec 29 21:27:15 EST 2018   [info] RuntimeInstance initializing.
Sat Dec 29 21:27:15 EST 2018   [info] Default Properties File: org\apache\velocity\runtime\defaults\velocity.properties
Sat Dec 29 21:27:15 EST 2018   [info] Trying to use logger class org.apache.velocity.runtime.log.AvalonLogSystem
Sat Dec 29 21:27:15 EST 2018   [info] Using logger class org.apache.velocity.runtime.log.AvalonLogSystem
Sat Dec 29 21:27:15 EST 2018   [info] Default ResourceManager initializing. (class org.apache.velocity.runtime.resource.ResourceManagerImpl)
Sat Dec 29 21:27:15 EST 2018   [info] Resource Loader Instantiated: org.apache.velocity.runtime.resource.loader.ClasspathResourceLoader
Sat Dec 29 21:27:15 EST 2018   [info] ClasspathResourceLoader : initialization starting.
Sat Dec 29 21:27:15 EST 2018   [info] ClasspathResourceLoader : initialization complete.
Sat Dec 29 21:27:15 EST 2018   [info] ResourceCache : initialized. (class org.apache.velocity.runtime.resource.ResourceCacheImpl)
Sat Dec 29 21:27:15 EST 2018   [info] Default ResourceManager initialization complete.
Sat Dec 29 21:27:15 EST 2018   [info] Loaded System Directive: org.apache.velocity.runtime.directive.Literal
Sat Dec 29 21:27:15 EST 2018   [info] Loaded System Directive: org.apache.velocity.runtime.directive.Macro
Sat Dec 29 21:27:15 EST 2018   [info] Loaded System Directive: org.apache.velocity.runtime.directive.Parse
Sat Dec 29 21:27:15 EST 2018   [info] Loaded System Directive: org.apache.velocity.runtime.directive.Include
Sat Dec 29 21:27:15 EST 2018   [info] Loaded System Directive: org.apache.velocity.runtime.directive.Foreach
Sat Dec 29 21:27:15 EST 2018   [info] Created: 20 parsers.
Sat Dec 29 21:27:15 EST 2018   [info] Velocimacro : initialization starting.
Sat Dec 29 21:27:15 EST 2018   [info] Velocimacro : adding VMs from VM library template : VM_global_library.vm
Sat Dec 29 21:27:15 EST 2018  [error] ResourceManager : unable to find resource 'VM_global_library.vm' in any resource loader.
Sat Dec 29 21:27:15 EST 2018   [info] Velocimacro : error using  VM library template VM_global_library.vm : org.apache.velocity.exception.ResourceNotFoundException: Unable to find resource 'VM_global_library.vm'
Sat Dec 29 21:27:15 EST 2018   [info] Velocimacro :  VM library template macro registration complete.
Sat Dec 29 21:27:15 EST 2018   [info] Velocimacro : allowInline = true : VMs can be defined inline in templates
Sat Dec 29 21:27:15 EST 2018   [info] Velocimacro : allowInlineToOverride = false : VMs defined inline may NOT replace previous VM definitions
Sat Dec 29 21:27:15 EST 2018   [info] Velocimacro : allowInlineLocal = false : VMs defined inline will be  global in scope if allowed.
Sat Dec 29 21:27:15 EST 2018   [info] Velocimacro : messages on  : VM system will output logging messages
Sat Dec 29 21:27:15 EST 2018   [info] Velocimacro : autoload off  : VM system will not automatically reload global library macros
Sat Dec 29 21:27:15 EST 2018   [info] Velocimacro : initialization complete.
Sat Dec 29 21:27:15 EST 2018   [info] Velocity successfully started.
Sat Dec 29 21:27:23 EST 2018   [info] ResourceManager : found org/uncommons/reportng/templates/xml/results.xml.vm with loader org.apache.velocity.runtime.resource.loader.ClasspathResourceLoader
Sat Dec 29 21:27:23 EST 2018   [info] ResourceManager : found org/uncommons/reportng/templates/html/index.html.vm with loader org.apache.velocity.runtime.resource.loader.ClasspathResourceLoader
Sat Dec 29 21:27:23 EST 2018   [info] ResourceManager : found org/uncommons/reportng/templates/html/overview.html.vm with loader org.apache.velocity.runtime.resource.loader.ClasspathResourceLoader
Sat Dec 29 21:27:23 EST 2018   [info] ResourceManager : found org/uncommons/reportng/templates/html/suites.html.vm with loader org.apache.velocity.runtime.resource.loader.ClasspathResourceLoader
Sat Dec 29 21:27:23 EST 2018   [info] ResourceManager : found org/uncommons/reportng/templates/html/results.html.vm with loader org.apache.velocity.runtime.resource.loader.ClasspathResourceLoader
Sat Dec 29 21:27:23 EST 2018   [info] ResourceManager : found org/uncommons/reportng/templates/html/class-results.html.vm with loader org.apache.velocity.runtime.resource.loader.ClasspathResourceLoader
Sat Dec 29 21:27:23 EST 2018   [info] ResourceManager : found org/uncommons/reportng/templates/html/output.html.vm with loader org.apache.velocity.runtime.resource.loader.ClasspathResourceLoader
